android/app/build/intermediates/manifest_merge_blame_file/debug/manifest-merger-blame-debug-report.txt
1<?xml version="1.0" encoding="utf-8"?>
2<manifest xmlns:android="http://schemas.android.com/apk/res/android"
3    package="com.quickkart.app"
4    android:versionCode="1"
5    android:versionName="1.0" >
6
7    <uses-sdk
8        android:minSdkVersion="24"
9        android:targetSdkVersion="34" />
10
11    <uses-permission android:name="android.permission.INTERNET" />
11-->src\main\AndroidManifest.xml:5:5-67
11-->src\main\AndroidManifest.xml:5:22-64
12    <uses-permission android:name="android.permission.ACCESS_NETWORK_STATE" />
12-->src\main\AndroidManifest.xml:6:5-79
12-->src\main\AndroidManifest.xml:6:22-76
13
14    <permission
14-->[androidx.core:core:1.12.0] AndroidManifest.xml:22:5-24:47
15        android:name="com.quickkart.app.DYNAMIC_RECEIVER_NOT_EXPORTED_PERMISSION"
15-->[androidx.core:core:1.12.0] AndroidManifest.xml:23:9-81
16        android:protectionLevel="signature" />
16-->[androidx.core:core:1.12.0] AndroidManifest.xml:24:9-44
17
18    <uses-permission android:name="com.quickkart.app.DYNAMIC_RECEIVER_NOT_EXPORTED_PERMISSION" />
18-->[androidx.core:core:1.12.0] AndroidManifest.xml:26:5-97
18-->[androidx.core:core:1.12.0] AndroidManifest.xml:26:22-94
19
20    <application
20-->src\main\AndroidManifest.xml:8:5-97:19
21        android:name="com.quickkart.app.QuickKartApplication"
21-->src\main\AndroidManifest.xml:9:9-45
22        android:allowBackup="true"
22-->src\main\AndroidManifest.xml:10:9-35
23        android:appComponentFactory="androidx.core.app.CoreComponentFactory"
23-->[androidx.core:core:1.12.0] AndroidManifest.xml:28:18-86
24        android:debuggable="true"
25        android:extractNativeLibs="false"
26        android:icon="@mipmap/ic_launcher"
26-->src\main\AndroidManifest.xml:11:9-43
27        android:label="@string/app_name"
27-->src\main\AndroidManifest.xml:12:9-41
28        android:roundIcon="@mipmap/ic_launcher_round"
28-->src\main\AndroidManifest.xml:13:9-54
29        android:supportsRtl="true"
29-->src\main\AndroidManifest.xml:14:9-35
30        android:testOnly="true"
31        android:theme="@style/Theme.QuickKart"
31-->src\main\AndroidManifest.xml:15:9-47
32        android:usesCleartextTraffic="true" >
32-->src\main\AndroidManifest.xml:16:9-44
33
34        <!-- Splash Activity -->
35        <activity
35-->src\main\AndroidManifest.xml:20:9-28:20
36            android:name="com.quickkart.app.activities.SplashActivity"
36-->src\main\AndroidManifest.xml:21:13-54
37            android:exported="true"
37-->src\main\AndroidManifest.xml:22:13-36
38            android:theme="@style/Theme.QuickKart.Splash" >
38-->src\main\AndroidManifest.xml:23:13-58
39            <intent-filter>
39-->src\main\AndroidManifest.xml:24:13-27:29
40                <action android:name="android.intent.action.MAIN" />
40-->src\main\AndroidManifest.xml:25:17-69
40-->src\main\AndroidManifest.xml:25:25-66
41
42                <category android:name="android.intent.category.LAUNCHER" />
42-->src\main\AndroidManifest.xml:26:17-77
42-->src\main\AndroidManifest.xml:26:27-74
43            </intent-filter>
44        </activity>
45
46        <!-- Login Activity -->
47        <activity
47-->src\main\AndroidManifest.xml:31:9-34:58
48            android:name="com.quickkart.app.activities.LoginActivity"
48-->src\main\AndroidManifest.xml:32:13-53
49            android:exported="false"
49-->src\main\AndroidManifest.xml:33:13-37
50            android:windowSoftInputMode="adjustResize" />
50-->src\main\AndroidManifest.xml:34:13-55
51
52        <!-- Register Activity -->
53        <activity
53-->src\main\AndroidManifest.xml:37:9-40:58
54            android:name="com.quickkart.app.activities.RegisterActivity"
54-->src\main\AndroidManifest.xml:38:13-56
55            android:exported="false"
55-->src\main\AndroidManifest.xml:39:13-37
56            android:windowSoftInputMode="adjustResize" />
56-->src\main\AndroidManifest.xml:40:13-55
57
58        <!-- Forgot Password Activity -->
59        <activity
59-->src\main\AndroidManifest.xml:43:9-46:58
60            android:name="com.quickkart.app.activities.ForgotPasswordActivity"
60-->src\main\AndroidManifest.xml:44:13-62
61            android:exported="false"
61-->src\main\AndroidManifest.xml:45:13-37
62            android:windowSoftInputMode="adjustResize" />
62-->src\main\AndroidManifest.xml:46:13-55
63
64        <!-- Main Activity -->
65        <activity
65-->src\main\AndroidManifest.xml:49:9-52:46
66            android:name="com.quickkart.app.activities.MainActivity"
66-->src\main\AndroidManifest.xml:50:13-52
67            android:exported="false"
67-->src\main\AndroidManifest.xml:51:13-37
68            android:launchMode="singleTop" />
68-->src\main\AndroidManifest.xml:52:13-43
69
70        <!-- Product Detail Activity -->
71        <activity
71-->src\main\AndroidManifest.xml:55:9-58:69
72            android:name="com.quickkart.app.activities.ProductDetailActivity"
72-->src\main\AndroidManifest.xml:56:13-61
73            android:exported="false"
73-->src\main\AndroidManifest.xml:57:13-37
74            android:parentActivityName="com.quickkart.app.activities.MainActivity" />
74-->src\main\AndroidManifest.xml:58:13-66
75
76        <!-- Checkout Activity -->
77        <activity
77-->src\main\AndroidManifest.xml:61:9-65:58
78            android:name="com.quickkart.app.activities.CheckoutActivity"
78-->src\main\AndroidManifest.xml:62:13-56
79            android:exported="false"
79-->src\main\AndroidManifest.xml:63:13-37
80            android:parentActivityName="com.quickkart.app.activities.MainActivity"
80-->src\main\AndroidManifest.xml:64:13-66
81            android:windowSoftInputMode="adjustResize" />
81-->src\main\AndroidManifest.xml:65:13-55
82
83        <!-- Order Success Activity -->
84        <activity
84-->src\main\AndroidManifest.xml:68:9-72:54
85            android:name="com.quickkart.app.activities.OrderSuccessActivity"
85-->src\main\AndroidManifest.xml:69:13-60
86            android:exported="false"
86-->src\main\AndroidManifest.xml:70:13-37
87            android:parentActivityName="com.quickkart.app.activities.MainActivity"
87-->src\main\AndroidManifest.xml:71:13-66
88            android:theme="@style/Theme.QuickKart" />
88-->src\main\AndroidManifest.xml:72:13-51
89
90        <!-- Orders Activity -->
91        <activity
91-->src\main\AndroidManifest.xml:75:9-79:54
92            android:name="com.quickkart.app.activities.OrdersActivity"
92-->src\main\AndroidManifest.xml:76:13-54
93            android:exported="false"
93-->src\main\AndroidManifest.xml:77:13-37
94            android:parentActivityName="com.quickkart.app.activities.MainActivity"
94-->src\main\AndroidManifest.xml:78:13-66
95            android:theme="@style/Theme.QuickKart" />
95-->src\main\AndroidManifest.xml:79:13-51
96
97        <!-- Cancel/Return Activity -->
98        <activity
98-->src\main\AndroidManifest.xml:82:9-87:58
99            android:name="com.quickkart.app.activities.CancelReturnActivity"
99-->src\main\AndroidManifest.xml:83:13-60
100            android:exported="false"
100-->src\main\AndroidManifest.xml:84:13-37
101            android:parentActivityName="com.quickkart.app.activities.OrdersActivity"
101-->src\main\AndroidManifest.xml:85:13-68
102            android:theme="@style/Theme.QuickKart"
102-->src\main\AndroidManifest.xml:86:13-51
103            android:windowSoftInputMode="adjustResize" />
103-->src\main\AndroidManifest.xml:87:13-55
104
105        <!-- Search Activity -->
106        <activity
106-->src\main\AndroidManifest.xml:90:9-95:58
107            android:name="com.quickkart.app.activities.SearchActivity"
107-->src\main\AndroidManifest.xml:91:13-54
108            android:exported="false"
108-->src\main\AndroidManifest.xml:92:13-37
109            android:parentActivityName="com.quickkart.app.activities.MainActivity"
109-->src\main\AndroidManifest.xml:93:13-66
110            android:theme="@style/Theme.QuickKart"
110-->src\main\AndroidManifest.xml:94:13-51
111            android:windowSoftInputMode="adjustResize" />
111-->src\main\AndroidManifest.xml:95:13-55
112
113        <provider
113-->[androidx.emoji2:emoji2:1.2.0] AndroidManifest.xml:24:9-32:20
114            android:name="androidx.startup.InitializationProvider"
114-->[androidx.emoji2:emoji2:1.2.0] AndroidManifest.xml:25:13-67
115            android:authorities="com.quickkart.app.androidx-startup"
115-->[androidx.emoji2:emoji2:1.2.0] AndroidManifest.xml:26:13-68
116            android:exported="false" >
116-->[androidx.emoji2:emoji2:1.2.0] AndroidManifest.xml:27:13-37
117            <meta-data
117-->[androidx.emoji2:emoji2:1.2.0] AndroidManifest.xml:29:13-31:52
118                android:name="androidx.emoji2.text.EmojiCompatInitializer"
118-->[androidx.emoji2:emoji2:1.2.0] AndroidManifest.xml:30:17-75
119                android:value="androidx.startup" />
119-->[androidx.emoji2:emoji2:1.2.0] AndroidManifest.xml:31:17-49
120            <meta-data
120-->[androidx.lifecycle:lifecycle-process:2.7.0] AndroidManifest.xml:29:13-31:52
121                android:name="androidx.lifecycle.ProcessLifecycleInitializer"
121-->[androidx.lifecycle:lifecycle-process:2.7.0] AndroidManifest.xml:30:17-78
122                android:value="androidx.startup" />
122-->[androidx.lifecycle:lifecycle-process:2.7.0] AndroidManifest.xml:31:17-49
123            <meta-data
123-->[androidx.profileinstaller:profileinstaller:1.3.0] AndroidManifest.xml:29:13-31:52
124                android:name="androidx.profileinstaller.ProfileInstallerInitializer"
124-->[androidx.profileinstaller:profileinstaller:1.3.0] AndroidManifest.xml:30:17-85
125                android:value="androidx.startup" />
125-->[androidx.profileinstaller:profileinstaller:1.3.0] AndroidManifest.xml:31:17-49
126        </provider>
127
128        <uses-library
128-->[androidx.window:window:1.0.0] AndroidManifest.xml:25:9-27:40
129            android:name="androidx.window.extensions"
129-->[androidx.window:window:1.0.0] AndroidManifest.xml:26:13-54
130            android:required="false" />
130-->[androidx.window:window:1.0.0] AndroidManifest.xml:27:13-37
131        <uses-library
131-->[androidx.window:window:1.0.0] AndroidManifest.xml:28:9-30:40
132            android:name="androidx.window.sidecar"
132-->[androidx.window:window:1.0.0] AndroidManifest.xml:29:13-51
133            android:required="false" />
133-->[androidx.window:window:1.0.0] AndroidManifest.xml:30:13-37
134
135        <receiver
135-->[androidx.profileinstaller:profileinstaller:1.3.0] AndroidManifest.xml:34:9-52:20
136            android:name="androidx.profileinstaller.ProfileInstallReceiver"
136-->[androidx.profileinstaller:profileinstaller:1.3.0] AndroidManifest.xml:35:13-76
137            android:directBootAware="false"
137-->[androidx.profileinstaller:profileinstaller:1.3.0] AndroidManifest.xml:36:13-44
138            android:enabled="true"
138-->[androidx.profileinstaller:profileinstaller:1.3.0] AndroidManifest.xml:37:13-35
139            android:exported="true"
139-->[androidx.profileinstaller:profileinstaller:1.3.0] AndroidManifest.xml:38:13-36
140            android:permission="android.permission.DUMP" >
140-->[androidx.profileinstaller:profileinstaller:1.3.0] AndroidManifest.xml:39:13-57
141            <intent-filter>
141-->[androidx.profileinstaller:profileinstaller:1.3.0] AndroidManifest.xml:40:13-42:29
142                <action android:name="androidx.profileinstaller.action.INSTALL_PROFILE" />
142-->[androidx.profileinstaller:profileinstaller:1.3.0] AndroidManifest.xml:41:17-91
142-->[androidx.profileinstaller:profileinstaller:1.3.0] AndroidManifest.xml:41:25-88
143            </intent-filter>
144            <intent-filter>
144-->[androidx.profileinstaller:profileinstaller:1.3.0] AndroidManifest.xml:43:13-45:29
145                <action android:name="androidx.profileinstaller.action.SKIP_FILE" />
145-->[androidx.profileinstaller:profileinstaller:1.3.0] AndroidManifest.xml:44:17-85
145-->[androidx.profileinstaller:profileinstaller:1.3.0] AndroidManifest.xml:44:25-82
146            </intent-filter>
147            <intent-filter>
147-->[androidx.profileinstaller:profileinstaller:1.3.0] AndroidManifest.xml:46:13-48:29
148                <action android:name="androidx.profileinstaller.action.SAVE_PROFILE" />
148-->[androidx.profileinstaller:profileinstaller:1.3.0] AndroidManifest.xml:47:17-88
148-->[androidx.profileinstaller:profileinstaller:1.3.0] AndroidManifest.xml:47:25-85
149            </intent-filter>
150            <intent-filter>
150-->[androidx.profileinstaller:profileinstaller:1.3.0] AndroidManifest.xml:49:13-51:29
151                <action android:name="androidx.profileinstaller.action.BENCHMARK_OPERATION" />
151-->[androidx.profileinstaller:profileinstaller:1.3.0] AndroidManifest.xml:50:17-95
151-->[androidx.profileinstaller:profileinstaller:1.3.0] AndroidManifest.xml:50:25-92
152            </intent-filter>
153        </receiver>
154    </application>
155
156</manifest>